connect2/app/build/intermediates/manifest_merge_blame_file/debug/manifest-merger-blame-debug-report.txt
1<?xml version="1.0" encoding="utf-8"?>
2<manifest xmlns:android="http://schemas.android.com/apk/res/android"
3    package="org.techtown.connect2"
4    android:versionCode="1"
5    android:versionName="1.0" >
6
7    <uses-sdk
8        android:minSdkVersion="21"
8-->src\main\AndroidManifest.xml
9        android:targetSdkVersion="33" />
9-->src\main\AndroidManifest.xml
10
11    <uses-permission android:name="android.permission.READ_EXTERNAL_STORAGE" />
11-->src\main\AndroidManifest.xml:5:5-80
11-->src\main\AndroidManifest.xml:5:22-77
12    <uses-permission android:name="android.permission.INTERNET" />
12-->src\main\AndroidManifest.xml:6:5-67
12-->src\main\AndroidManifest.xml:6:22-64
13    <uses-permission android:name="android.permission.ACCESS_FINE_LOCATION" />
13-->src\main\AndroidManifest.xml:7:5-79
13-->src\main\AndroidManifest.xml:7:22-76
14    <uses-permission android:name="android.permission.ACCESS_COARSE_LOCATION" />
14-->src\main\AndroidManifest.xml:8:5-81
14-->src\main\AndroidManifest.xml:8:22-78
15
16    <!-- Although the *SdkVersion is captured in gradle build files, this is required for non gradle builds -->
17    <!-- <uses-sdk android:minSdkVersion="14"/> -->
18    <uses-permission android:name="android.permission.ACCESS_NETWORK_STATE" />
18-->[com.google.firebase:firebase-database:20.1.0] AndroidManifest.xml:24:5-79
18-->[com.google.firebase:firebase-database:20.1.0] AndroidManifest.xml:24:22-76
19
20    <uses-feature
20-->[com.google.android.gms:play-services-maps:17.0.1] AndroidManifest.xml:26:5-28:35
21        android:glEsVersion="0x00020000"
21-->[com.google.android.gms:play-services-maps:17.0.1] AndroidManifest.xml:27:9-41
22        android:required="true" />
22-->[com.google.android.gms:play-services-maps:17.0.1] AndroidManifest.xml:28:9-32
23
24    <queries>
24-->[com.google.android.gms:play-services-maps:17.0.1] AndroidManifest.xml:30:5-34:15
25
26        <!-- Needs to be explicitly declared on Android R+ -->
27        <package android:name="com.google.android.apps.maps" />
27-->[com.google.android.gms:play-services-maps:17.0.1] AndroidManifest.xml:33:9-64
27-->[com.google.android.gms:play-services-maps:17.0.1] AndroidManifest.xml:33:18-61
28    </queries>
29
30    <application
30-->src\main\AndroidManifest.xml:10:5-80:19
31        android:allowBackup="true"
31-->src\main\AndroidManifest.xml:11:9-35
32        android:appComponentFactory="androidx.core.app.CoreComponentFactory"
32-->[androidx.core:core:1.8.0] AndroidManifest.xml:24:18-86
33        android:dataExtractionRules="@xml/data_extraction_rules"
33-->src\main\AndroidManifest.xml:12:9-65
34        android:debuggable="true"
35        android:fullBackupContent="@xml/backup_rules"
35-->src\main\AndroidManifest.xml:13:9-54
36        android:icon="@mipmap/ic_launcher"
36-->src\main\AndroidManifest.xml:14:9-43
37        android:label="@string/app_name"
37-->src\main\AndroidManifest.xml:15:9-41
38        android:roundIcon="@mipmap/ic_launcher_round"
38-->src\main\AndroidManifest.xml:16:9-54
39        android:supportsRtl="true"
39-->src\main\AndroidManifest.xml:17:9-35
40        android:testOnly="true"
41        android:theme="@style/Theme.Connect2"
41-->src\main\AndroidManifest.xml:18:9-46
42        android:usesCleartextTraffic="true" >
42-->src\main\AndroidManifest.xml:19:9-44
43        <activity
43-->src\main\AndroidManifest.xml:21:9-28:20
44            android:name="org.techtown.connect2.Gps_Menu"
44-->src\main\AndroidManifest.xml:22:13-37
45            android:exported="true"
45-->src\main\AndroidManifest.xml:23:13-36
46            android:theme="@style/Theme.AppCompat.Dialog" >
46-->src\main\AndroidManifest.xml:24:13-58
47            <meta-data
47-->src\main\AndroidManifest.xml:25:13-27:74
48                android:name="com.google.android.geo.API_KEY"
48-->src\main\AndroidManifest.xml:26:17-62
49                android:value="AIzaSyBVDZt2Pu3-2kAcjM2TitFaQOfdq3kiRys" />
49-->src\main\AndroidManifest.xml:27:17-72
50        </activity>
51        <activity
51-->src\main\AndroidManifest.xml:30:9-37:20
52            android:name="org.techtown.connect2.Gps_Main"
52-->src\main\AndroidManifest.xml:31:13-37
53            android:exported="true" >
53-->src\main\AndroidManifest.xml:32:13-36
54            <meta-data
54-->src\main\AndroidManifest.xml:33:13-36:20
55                android:name="android.app.lib_name"
55-->src\main\AndroidManifest.xml:34:17-52
56                android:value="" />
56-->src\main\AndroidManifest.xml:35:17-33
57        </activity>
58        <activity
58-->src\main\AndroidManifest.xml:38:9-44:20
59            android:name="org.techtown.connect2.MainActivity"
59-->src\main\AndroidManifest.xml:39:13-41
60            android:exported="false" >
60-->src\main\AndroidManifest.xml:40:13-37
61            <meta-data
61-->src\main\AndroidManifest.xml:33:13-36:20
62                android:name="android.app.lib_name"
62-->src\main\AndroidManifest.xml:34:17-52
63                android:value="" />
63-->src\main\AndroidManifest.xml:35:17-33
64        </activity>
65        <activity
65-->src\main\AndroidManifest.xml:45:9-51:20
66            android:name="org.techtown.connect2.ReclyerView"
66-->src\main\AndroidManifest.xml:46:13-40
67            android:exported="false" >
67-->src\main\AndroidManifest.xml:47:13-37
68            <meta-data
68-->src\main\AndroidManifest.xml:33:13-36:20
69                android:name="android.app.lib_name"
69-->src\main\AndroidManifest.xml:34:17-52
70                android:value="" />
70-->src\main\AndroidManifest.xml:35:17-33
71        </activity>
72        <activity
72-->src\main\AndroidManifest.xml:52:9-58:20
73            android:name="org.techtown.connect2.On_Off"
73-->src\main\AndroidManifest.xml:53:13-35
74            android:exported="false" >
74-->src\main\AndroidManifest.xml:54:13-37
75            <meta-data
75-->src\main\AndroidManifest.xml:33:13-36:20
76                android:name="android.app.lib_name"
76-->src\main\AndroidManifest.xml:34:17-52
77                android:value="" />
77-->src\main\AndroidManifest.xml:35:17-33
78        </activity>
79        <activity
79-->src\main\AndroidManifest.xml:59:9-65:20
80            android:name="org.techtown.connect2.Info_Activity"
80-->src\main\AndroidManifest.xml:60:13-42
81            android:exported="false" >
81-->src\main\AndroidManifest.xml:61:13-37
82            <meta-data
82-->src\main\AndroidManifest.xml:33:13-36:20
83                android:name="android.app.lib_name"
83-->src\main\AndroidManifest.xml:34:17-52
84                android:value="" />
84-->src\main\AndroidManifest.xml:35:17-33
85        </activity>
86        <activity
86-->src\main\AndroidManifest.xml:66:9-79:20
87            android:name="org.techtown.connect2.SplashActivity"
87-->src\main\AndroidManifest.xml:67:13-43
88            android:exported="true"
88-->src\main\AndroidManifest.xml:68:13-36
89            android:theme="@style/Theme.AppCompat.Light.NoActionBar" >
89-->src\main\AndroidManifest.xml:69:13-69
90            <intent-filter>
90-->src\main\AndroidManifest.xml:70:13-74:29
91                <action android:name="android.intent.action.MAIN" />
91-->src\main\AndroidManifest.xml:71:17-69
91-->src\main\AndroidManifest.xml:71:25-66
92
93                <category android:name="android.intent.category.LAUNCHER" />
93-->src\main\AndroidManifest.xml:73:17-77
93-->src\main\AndroidManifest.xml:73:27-74
94            </intent-filter>
95
96            <meta-data
96-->src\main\AndroidManifest.xml:33:13-36:20
97                android:name="android.app.lib_name"
97-->src\main\AndroidManifest.xml:34:17-52
98                android:value="" />
98-->src\main\AndroidManifest.xml:35:17-33
99        </activity>
100        <activity
100-->[com.yanzhenjie:permission:2.0.0] AndroidManifest.xml:25:9-27:55
101            android:name="com.yanzhenjie.permission.bridge.BridgeActivity"
101-->[com.yanzhenjie:permission:2.0.0] AndroidManifest.xml:26:13-75
102            android:theme="@style/Permission.Theme" />
102-->[com.yanzhenjie:permission:2.0.0] AndroidManifest.xml:27:13-52
103
104        <provider
104-->[com.yanzhenjie:permission:2.0.0] AndroidManifest.xml:29:9-37:20
105            android:name="com.yanzhenjie.permission.FileProvider"
105-->[com.yanzhenjie:permission:2.0.0] AndroidManifest.xml:30:13-66
106            android:authorities="org.techtown.connect2.file.path.share"
106-->[com.yanzhenjie:permission:2.0.0] AndroidManifest.xml:31:13-67
107            android:exported="false"
107-->[com.yanzhenjie:permission:2.0.0] AndroidManifest.xml:32:13-37
108            android:grantUriPermissions="true" >
108-->[com.yanzhenjie:permission:2.0.0] AndroidManifest.xml:33:13-47
109            <meta-data
109-->[com.yanzhenjie:permission:2.0.0] AndroidManifest.xml:34:13-36:65
110                android:name="android.support.FILE_PROVIDER_PATHS"
110-->[com.yanzhenjie:permission:2.0.0] AndroidManifest.xml:35:17-67
111                android:resource="@xml/permission_file_paths" />
111-->[com.yanzhenjie:permission:2.0.0] AndroidManifest.xml:36:17-62
112        </provider>
113
114        <service
114-->[com.google.firebase:firebase-database:20.1.0] AndroidManifest.xml:28:9-34:19
115            android:name="com.google.firebase.components.ComponentDiscoveryService"
115-->[com.google.firebase:firebase-database:20.1.0] AndroidManifest.xml:29:13-84
116            android:directBootAware="true"
116-->[com.google.firebase:firebase-common:20.2.0] AndroidManifest.xml:34:13-43
117            android:exported="false" >
117-->[com.google.firebase:firebase-database:20.1.0] AndroidManifest.xml:30:13-37
118            <meta-data
118-->[com.google.firebase:firebase-database:20.1.0] AndroidManifest.xml:31:13-33:85
119                android:name="com.google.firebase.components:com.google.firebase.database.DatabaseRegistrar"
119-->[com.google.firebase:firebase-database:20.1.0] AndroidManifest.xml:32:17-109
120                android:value="com.google.firebase.components.ComponentRegistrar" />
120-->[com.google.firebase:firebase-database:20.1.0] AndroidManifest.xml:33:17-82
121            <meta-data
121-->[com.google.firebase:firebase-storage:20.1.0] AndroidManifest.xml:32:13-34:85
122                android:name="com.google.firebase.components:com.google.firebase.storage.StorageRegistrar"
122-->[com.google.firebase:firebase-storage:20.1.0] AndroidManifest.xml:33:17-107
123                android:value="com.google.firebase.components.ComponentRegistrar" />
123-->[com.google.firebase:firebase-storage:20.1.0] AndroidManifest.xml:34:17-82
124            <meta-data
124-->[com.google.firebase:firebase-auth:21.1.0] AndroidManifest.xml:67:13-69:85
125                android:name="com.google.firebase.components:com.google.firebase.auth.FirebaseAuthRegistrar"
125-->[com.google.firebase:firebase-auth:21.1.0] AndroidManifest.xml:68:17-109
126                android:value="com.google.firebase.components.ComponentRegistrar" />
126-->[com.google.firebase:firebase-auth:21.1.0] AndroidManifest.xml:69:17-82
127        </service>
128
129        <activity
129-->[com.google.firebase:firebase-auth:21.1.0] AndroidManifest.xml:27:9-44:20
130            android:name="com.google.firebase.auth.internal.GenericIdpActivity"
130-->[com.google.firebase:firebase-auth:21.1.0] AndroidManifest.xml:28:13-80
131            android:excludeFromRecents="true"
131-->[com.google.firebase:firebase-auth:21.1.0] AndroidManifest.xml:29:13-46
132            android:exported="true"
132-->[com.google.firebase:firebase-auth:21.1.0] AndroidManifest.xml:30:13-36
133            android:launchMode="singleTask"
133-->[com.google.firebase:firebase-auth:21.1.0] AndroidManifest.xml:31:13-44
134            android:theme="@android:style/Theme.Translucent.NoTitleBar" >
134-->[com.google.firebase:firebase-auth:21.1.0] AndroidManifest.xml:32:13-72
135            <intent-filter>
135-->[com.google.firebase:firebase-auth:21.1.0] AndroidManifest.xml:33:13-43:29
136                <action android:name="android.intent.action.VIEW" />
136-->[com.google.firebase:firebase-auth:21.1.0] AndroidManifest.xml:34:17-69
136-->[com.google.firebase:firebase-auth:21.1.0] AndroidManifest.xml:34:25-66
137
138                <category android:name="android.intent.category.DEFAULT" />
138-->[com.google.firebase:firebase-auth:21.1.0] AndroidManifest.xml:36:17-76
138-->[com.google.firebase:firebase-auth:21.1.0] AndroidManifest.xml:36:27-73
139                <category android:name="android.intent.category.BROWSABLE" />
139-->[com.google.firebase:firebase-auth:21.1.0] AndroidManifest.xml:37:17-78
139-->[com.google.firebase:firebase-auth:21.1.0] AndroidManifest.xml:37:27-75
140
141                <data
141-->[com.google.firebase:firebase-auth:21.1.0] AndroidManifest.xml:39:17-42:51
142                    android:host="firebase.auth"
142-->[com.google.firebase:firebase-auth:21.1.0] AndroidManifest.xml:40:21-49
143                    android:path="/"
143-->[com.google.firebase:firebase-auth:21.1.0] AndroidManifest.xml:41:21-37
144                    android:scheme="genericidp" />
144-->[com.google.firebase:firebase-auth:21.1.0] AndroidManifest.xml:42:21-48
145            </intent-filter>
146        </activity>
147        <activity
147-->[com.google.firebase:firebase-auth:21.1.0] AndroidManifest.xml:45:9-62:20
148            android:name="com.google.firebase.auth.internal.RecaptchaActivity"
148-->[com.google.firebase:firebase-auth:21.1.0] AndroidManifest.xml:46:13-79
149            android:excludeFromRecents="true"
149-->[com.google.firebase:firebase-auth:21.1.0] AndroidManifest.xml:47:13-46
150            android:exported="true"
150-->[com.google.firebase:firebase-auth:21.1.0] AndroidManifest.xml:48:13-36
151            android:launchMode="singleTask"
151-->[com.google.firebase:firebase-auth:21.1.0] AndroidManifest.xml:49:13-44
152            android:theme="@android:style/Theme.Translucent.NoTitleBar" >
152-->[com.google.firebase:firebase-auth:21.1.0] AndroidManifest.xml:50:13-72
153            <intent-filter>
153-->[com.google.firebase:firebase-auth:21.1.0] AndroidManifest.xml:51:13-61:29
154                <action android:name="android.intent.action.VIEW" />
154-->[com.google.firebase:firebase-auth:21.1.0] AndroidManifest.xml:34:17-69
154-->[com.google.firebase:firebase-auth:21.1.0] AndroidManifest.xml:34:25-66
155
156                <category android:name="android.intent.category.DEFAULT" />
156-->[com.google.firebase:firebase-auth:21.1.0] AndroidManifest.xml:36:17-76
156-->[com.google.firebase:firebase-auth:21.1.0] AndroidManifest.xml:36:27-73
157                <category android:name="android.intent.category.BROWSABLE" />
157-->[com.google.firebase:firebase-auth:21.1.0] AndroidManifest.xml:37:17-78
157-->[com.google.firebase:firebase-auth:21.1.0] AndroidManifest.xml:37:27-75
158
159                <data
159-->[com.google.firebase:firebase-auth:21.1.0] AndroidManifest.xml:39:17-42:51
160                    android:host="firebase.auth"
160-->[com.google.firebase:firebase-auth:21.1.0] AndroidManifest.xml:40:21-49
161                    android:path="/"
161-->[com.google.firebase:firebase-auth:21.1.0] AndroidManifest.xml:41:21-37
162                    android:scheme="recaptcha" />
162-->[com.google.firebase:firebase-auth:21.1.0] AndroidManifest.xml:42:21-48
163            </intent-filter>
164        </activity> <!-- Needs to be explicitly declared on P+ -->
165        <uses-library
165-->[com.google.android.gms:play-services-maps:17.0.1] AndroidManifest.xml:39:9-41:40
166            android:name="org.apache.http.legacy"
166-->[com.google.android.gms:play-services-maps:17.0.1] AndroidManifest.xml:40:13-50
167            android:required="false" />
167-->[com.google.android.gms:play-services-maps:17.0.1] AndroidManifest.xml:41:13-37
168
169        <provider
169-->[com.google.firebase:firebase-common:20.2.0] AndroidManifest.xml:25:9-30:39
170            android:name="com.google.firebase.provider.FirebaseInitProvider"
170-->[com.google.firebase:firebase-common:20.2.0] AndroidManifest.xml:26:13-77
171            android:authorities="org.techtown.connect2.firebaseinitprovider"
171-->[com.google.firebase:firebase-common:20.2.0] AndroidManifest.xml:27:13-72
172            android:directBootAware="true"
172-->[com.google.firebase:firebase-common:20.2.0] AndroidManifest.xml:28:13-43
173            android:exported="false"
173-->[com.google.firebase:firebase-common:20.2.0] AndroidManifest.xml:29:13-37
174            android:initOrder="100" />
174-->[com.google.firebase:firebase-common:20.2.0] AndroidManifest.xml:30:13-36
175
176        <activity
176-->[com.google.android.gms:play-services-base:18.0.1] AndroidManifest.xml:20:9-22:45
177            android:name="com.google.android.gms.common.api.GoogleApiActivity"
177-->[com.google.android.gms:play-services-base:18.0.1] AndroidManifest.xml:20:19-85
178            android:exported="false"
178-->[com.google.android.gms:play-services-base:18.0.1] AndroidManifest.xml:22:19-43
179            android:theme="@android:style/Theme.Translucent.NoTitleBar" />
179-->[com.google.android.gms:play-services-base:18.0.1] AndroidManifest.xml:21:19-78
180
181        <meta-data
181-->[com.google.android.gms:play-services-basement:18.1.0] AndroidManifest.xml:21:9-23:69
182            android:name="com.google.android.gms.version"
182-->[com.google.android.gms:play-services-basement:18.1.0] AndroidManifest.xml:22:13-58
183            android:value="@integer/google_play_services_version" />
183-->[com.google.android.gms:play-services-basement:18.1.0] AndroidManifest.xml:23:13-66
184
185        <provider
185-->[androidx.emoji2:emoji2:1.2.0] AndroidManifest.xml:24:9-32:20
186            android:name="androidx.startup.InitializationProvider"
186-->[androidx.emoji2:emoji2:1.2.0] AndroidManifest.xml:25:13-67
187            android:authorities="org.techtown.connect2.androidx-startup"
187-->[androidx.emoji2:emoji2:1.2.0] AndroidManifest.xml:26:13-68
188            android:exported="false" >
188-->[androidx.emoji2:emoji2:1.2.0] AndroidManifest.xml:27:13-37
189            <meta-data
189-->[androidx.emoji2:emoji2:1.2.0] AndroidManifest.xml:29:13-31:52
190                android:name="androidx.emoji2.text.EmojiCompatInitializer"
190-->[androidx.emoji2:emoji2:1.2.0] AndroidManifest.xml:30:17-75
191                android:value="androidx.startup" />
191-->[androidx.emoji2:emoji2:1.2.0] AndroidManifest.xml:31:17-49
192            <meta-data
192-->[androidx.lifecycle:lifecycle-process:2.4.1] AndroidManifest.xml:31:13-33:52
193                android:name="androidx.lifecycle.ProcessLifecycleInitializer"
193-->[androidx.lifecycle:lifecycle-process:2.4.1] AndroidManifest.xml:32:17-78
194                android:value="androidx.startup" />
194-->[androidx.lifecycle:lifecycle-process:2.4.1] AndroidManifest.xml:33:17-49
195        </provider>
196    </application>
197
198</manifest>